Terminals unused in grammar

   UMINUS


Grammar

    0 $accept: S $end

    1 S: 'f' S
    2  | NUMBER


Terminals, with rules where they appear

$end (0) 0
'f' (102) 1
error (256)
NUMBER (258) 2
UMINUS (259)


Nonterminals, with rules where they appear

$accept (6)
    on left: 0
S (7)
    on left: 1 2, on right: 0 1


state 0

    0 $accept: . S $end

    NUMBER  shift, and go to state 1
    'f'     shift, and go to state 2

    S  go to state 3


state 1

    2 S: NUMBER .

    $default  reduce using rule 2 (S)


state 2

    1 S: 'f' . S

    NUMBER  shift, and go to state 1
    'f'     shift, and go to state 2

    S  go to state 4


state 3

    0 $accept: S . $end

    $end  shift, and go to state 5


state 4

    1 S: 'f' S .

    $default  reduce using rule 1 (S)


state 5

    0 $accept: S $end .

    $default  accept
